warning: Patch `blake2 v0.10.6 (F:\cryptor\secure-cryptor\rustcrypto-hashes-fork\blake2)` was not used in the crate graph.
Check that the patched package version and available features are compatible
with the dependency requirements. If the patch has a different version from
what is locked in the Cargo.lock file, run `cargo update` to use the new
version. This may also occur with an optional dependency that is not enabled.
warning: output filename collision.
The bin target `secure-cryptor` in package `secure-cryptor v0.1.0 (F:\cryptor\secure-cryptor)` has the same output filename as the lib target `secure_cryptor` in package `secure-cryptor v0.1.0 (F:\cryptor\secure-cryptor)`.
Colliding filename is: f:\cryptor\secure-cryptor\target\release\deps\secure_cryptor.pdb
The output filenames should be unique.
Consider changing their names to be unique or compiling them separately.
This may become a hard error in the future; see <https://github.com/rust-lang/cargo/issues/6313>.
If this looks unexpected, it may be a bug in Cargo. Please file a bug report at
https://github.com/rust-lang/cargo/issues/ with as much information as you
can provide.
cargo 1.90.0 (840b83a10 2025-07-30) running on `x86_64-pc-windows-msvc` target `x86_64-pc-windows-msvc`
First unit: Unit { pkg: Package { id: PackageId { name: "secure-cryptor", version: "0.1.0", source: "F:\\cryptor\\secure-cryptor" }, ..: ".." }, target: TargetInner { name: "secure-cryptor", doc: true, ..: with_path("f:\\cryptor\\secure-cryptor\\src\\main.rs", Edition2021) }, profile: Profile { opt_level: "z", lto: Bool(true), codegen_units: Some(1), panic: Abort, strip: Resolved(Named("symbols")), ..: default_release() }, kind: Host, mode: Build, features: ["compression", "default", "post-quantum"], rustflags: [], rustdocflags: [], links_overrides: {}, artifact: false, artifact_target_for_features: None, is_std: false, dep_hash: 11205711783309976816 }
Second unit: Unit { pkg: Package { id: PackageId { name: "secure-cryptor", version: "0.1.0", source: "F:\\cryptor\\secure-cryptor" }, ..: ".." }, target: TargetInner { ..: lib_target("secure_cryptor", ["cdylib", "rlib"], "f:\\cryptor\\secure-cryptor\\src\\lib.rs", Edition2021) }, profile: Profile { opt_level: "z", lto: Bool(true), codegen_units: Some(1), panic: Abort, strip: Resolved(Named("symbols")), ..: default_release() }, kind: Host, mode: Build, features: ["compression", "default", "post-quantum"], rustflags: [], rustdocflags: [], links_overrides: {}, artifact: false, artifact_target_for_features: None, is_std: false, dep_hash: 9737292947895668494 }
warning: output filename collision.
The bin target `secure-cryptor` in package `secure-cryptor v0.1.0 (F:\cryptor\secure-cryptor)` has the same output filename as the lib target `secure_cryptor` in package `secure-cryptor v0.1.0 (F:\cryptor\secure-cryptor)`.
Colliding filename is: f:\cryptor\secure-cryptor\target\release\secure_cryptor.pdb
The output filenames should be unique.
Consider changing their names to be unique or compiling them separately.
This may become a hard error in the future; see <https://github.com/rust-lang/cargo/issues/6313>.
If this looks unexpected, it may be a bug in Cargo. Please file a bug report at
https://github.com/rust-lang/cargo/issues/ with as much information as you
can provide.
cargo 1.90.0 (840b83a10 2025-07-30) running on `x86_64-pc-windows-msvc` target `x86_64-pc-windows-msvc`
First unit: Unit { pkg: Package { id: PackageId { name: "secure-cryptor", version: "0.1.0", source: "F:\\cryptor\\secure-cryptor" }, ..: ".." }, target: TargetInner { name: "secure-cryptor", doc: true, ..: with_path("f:\\cryptor\\secure-cryptor\\src\\main.rs", Edition2021) }, profile: Profile { opt_level: "z", lto: Bool(true), codegen_units: Some(1), panic: Abort, strip: Resolved(Named("symbols")), ..: default_release() }, kind: Host, mode: Build, features: ["compression", "default", "post-quantum"], rustflags: [], rustdocflags: [], links_overrides: {}, artifact: false, artifact_target_for_features: None, is_std: false, dep_hash: 11205711783309976816 }
Second unit: Unit { pkg: Package { id: PackageId { name: "secure-cryptor", version: "0.1.0", source: "F:\\cryptor\\secure-cryptor" }, ..: ".." }, target: TargetInner { ..: lib_target("secure_cryptor", ["cdylib", "rlib"], "f:\\cryptor\\secure-cryptor\\src\\lib.rs", Edition2021) }, profile: Profile { opt_level: "z", lto: Bool(true), codegen_units: Some(1), panic: Abort, strip: Resolved(Named("symbols")), ..: default_release() }, kind: Host, mode: Build, features: ["compression", "default", "post-quantum"], rustflags: [], rustdocflags: [], links_overrides: {}, artifact: false, artifact_target_for_features: None, is_std: false, dep_hash: 9737292947895668494 }
   Compiling proc-macro2 v1.0.103
   Compiling unicode-ident v1.0.22
   Compiling quote v1.0.41
   Compiling cfg-if v1.0.4
   Compiling typenum v1.19.0
   Compiling version_check v0.9.5
   Compiling serde_core v1.0.228
   Compiling subtle v2.6.1
   Compiling windows_x86_64_msvc v0.52.6
   Compiling rand_core v0.10.0-rc-2
   Compiling stable_deref_trait v1.2.1
   Compiling autocfg v1.5.0
   Compiling rustversion v1.0.22
   Compiling windows-link v0.2.1
   Compiling generic-array v0.14.9
   Compiling crossbeam-utils v0.8.21
   Compiling zerocopy v0.8.27
   Compiling num-traits v0.2.19
   Compiling windows-targets v0.52.6
   Compiling syn v2.0.108
   Compiling smallvec v1.15.1
   Compiling windows_x86_64_msvc v0.53.1
   Compiling once_cell v1.21.3
   Compiling log v0.4.28
   Compiling arrayvec v0.7.6
   Compiling khronos_api v3.1.0
   Compiling cfg_aliases v0.2.1
   Compiling memchr v2.7.6
   Compiling generic-array v1.3.5
   Compiling windows-targets v0.53.5
   Compiling serde v1.0.228
   Compiling windows-sys v0.60.2
   Compiling crossbeam-epoch v0.9.18
   Compiling windows-sys v0.52.0
   Compiling bitflags v2.10.0
   Compiling xml-rs v0.8.28
   Compiling wasm-bindgen-shared v0.2.105
   Compiling windows-link v0.1.3
   Compiling litemap v0.8.1
   Compiling writeable v0.6.2
   Compiling rayon-core v1.13.0
   Compiling crossbeam-deque v0.8.6
   Compiling crypto-common v0.1.6 (F:\cryptor\secure-cryptor\rustcrypto-traits-fork\crypto-common)
   Compiling gl_generator v0.14.0
   Compiling parking_lot_core v0.9.12
   Compiling simd-adler32 v0.3.7
   Compiling icu_normalizer_data v2.1.1
   Compiling pin-project-lite v0.2.16
   Compiling getrandom v0.3.4
   Compiling paste v1.0.15
   Compiling synstructure v0.13.2
   Compiling icu_properties_data v2.1.1
   Compiling thiserror v2.0.17
   Compiling num-integer v0.1.46
   Compiling cpufeatures v0.2.17
   Compiling anyhow v1.0.100
   Compiling scopeguard v1.2.0
   Compiling unicode-segmentation v1.12.0
   Compiling either v1.15.0
   Compiling lock_api v0.4.14
   Compiling num-bigint v0.4.6
   Compiling windows-strings v0.4.2
   Compiling windows-result v0.3.4
   Compiling windows-result v0.2.0
   Compiling ahash v0.8.12
   Compiling crc32fast v1.5.0
   Compiling ttf-parser v0.25.1
   Compiling dpi v0.1.2
   Compiling zeroize_derive v1.4.2
   Compiling zerofrom-derive v0.1.6
   Compiling yoke-derive v0.8.1
   Compiling zerocopy-derive v0.8.27
   Compiling zerovec-derive v0.11.2
   Compiling zeroize v1.8.2
   Compiling displaydoc v0.2.5
   Compiling hybrid-array v0.4.5
   Compiling bytemuck_derive v1.10.2
   Compiling serde_derive v1.0.228
   Compiling equator-macro v0.4.2
   Compiling zerofrom v0.1.6
   Compiling thiserror-impl v2.0.17
   Compiling yoke v0.8.1
   Compiling zerovec v0.11.5
   Compiling crypto-common v0.2.0-rc.5
   Compiling block-buffer v0.11.0
   Compiling tinystr v0.8.2
   Compiling bytemuck v1.24.0
   Compiling potential_utf v0.1.4
   Compiling icu_locale_core v2.1.1
   Compiling zerotrie v0.2.3
   Compiling icu_collections v2.1.1
   Compiling equator v0.4.2
   Compiling icu_provider v2.1.1
   Compiling aligned-vec v0.6.4
   Compiling windows-interface v0.59.3
   Compiling windows-implement v0.60.2
   Compiling windows_x86_64_msvc v0.48.5
   Compiling accesskit v0.16.3
   Compiling raw-window-handle v0.6.2
   Compiling adler2 v2.0.1
   Compiling miniz_oxide v0.8.9
   Compiling icu_normalizer v2.1.1
   Compiling icu_properties v2.1.1
   Compiling v_frame v0.3.9
   Compiling digest v0.11.0-rc.4
   Compiling windows-core v0.61.2
   Compiling emath v0.29.1
   Compiling owned_ttf_parser v0.25.1
   Compiling num-rational v0.4.2
   Compiling windows-interface v0.58.0
   Compiling windows-implement v0.58.0
   Compiling windows-strings v0.1.0
   Compiling parking_lot v0.12.5
   Compiling rayon v1.11.0
   Compiling winit v0.30.12
   Compiling as-slice v0.2.1
   Compiling av-scenechange v0.14.1
   Compiling built v0.8.0
   Compiling ab_glyph_rasterizer v0.1.10
   Compiling libc v0.2.177
   Compiling tracing-core v0.1.34
   Compiling ab_glyph v0.2.32
   Compiling aligned v0.4.2
   Compiling tracing v0.1.41
   Compiling windows-core v0.58.0
   Compiling rav1e v0.8.1
   Compiling idna_adapter v1.2.1
   Compiling ecolor v0.29.1
   Compiling arg_enum_proc_macro v0.3.4
   Compiling profiling-procmacros v1.0.17
   Compiling glutin_wgl_sys v0.6.1
   Compiling glutin_egl_sys v0.7.1
   Compiling inout v0.1.3 (F:\cryptor\secure-cryptor\rustcrypto-utils-fork\inout)
   Compiling core2 v0.4.0
   Compiling nom v8.0.0
   Compiling immutable-chunkmap v2.1.2
   Compiling epaint_default_fonts v0.29.1
   Compiling pastey v0.1.1
   Compiling y4m v0.8.0
   Compiling quick-error v2.0.1
   Compiling percent-encoding v2.3.2
   Compiling nohash-hasher v0.2.0
   Compiling bumpalo v3.19.0
   Compiling smol_str v0.2.2
   Compiling utf8_iter v1.0.4
   Compiling cursor-icon v1.2.0
   Compiling idna v1.1.0
   Compiling wasm-bindgen-macro-support v0.2.105
   Compiling form_urlencoded v1.2.2
   Compiling epaint v0.29.1
   Compiling accesskit_consumer v0.24.3
   Compiling cipher v0.4.4 (F:\cryptor\secure-cryptor\rustcrypto-traits-fork\cipher)
   Compiling bitstream-io v4.9.0
   Compiling profiling v1.0.17
   Compiling windows v0.58.0
   Compiling av1-grain v0.2.5
   Compiling maybe-rayon v0.1.1
   Compiling windows-targets v0.48.5
   Compiling flate2 v1.1.5
   Compiling half v2.7.1
   Compiling num-derive v0.4.2
   Compiling fax_derive v0.2.0
   Compiling rand_core v0.9.3
   Compiling itertools v0.14.0
   Compiling windows-threading v0.1.0
   Compiling glutin v0.32.3
   Compiling wasm-bindgen v0.2.105
   Compiling simd_helpers v0.1.0
   Compiling windows-sys v0.59.0
   Compiling memoffset v0.9.1
   Compiling windows-sys v0.61.2
   Compiling weezl v0.1.12
   Compiling thiserror v1.0.69
   Compiling error-code v3.3.2
   Compiling new_debug_unreachable v1.0.6
   Compiling opaque-debug v0.3.1
   Compiling anstyle v1.0.13
   Compiling zune-core v0.4.12
   Compiling once_cell_polyfill v1.70.2
   Compiling shlex v1.3.0
   Compiling imgref v1.12.0
   Compiling const-oid v0.10.1
   Compiling static_assertions v1.1.0
   Compiling utf8parse v0.2.2
   Compiling noop_proc_macro v0.3.0
   Compiling find-msvc-tools v0.1.5
   Compiling anstyle-parse v0.2.7
   Compiling loop9 v0.1.5
   Compiling zune-jpeg v0.4.21
   Compiling cc v1.2.46
   Compiling anstyle-wincon v3.0.10
   Compiling clipboard-win v5.4.1
   Compiling der v0.8.0-rc.10
   Compiling fax v0.2.6
   Compiling windows-future v0.2.1
   Compiling wasm-bindgen-macro v0.2.105
   Compiling windows-sys v0.48.0
   Compiling egui v0.29.1
   Compiling toml v0.5.11
   Compiling url v2.5.7
   Compiling windows-collections v0.2.0
   Compiling windows-numerics v0.2.0
   Compiling inout v0.2.1
   Compiling thiserror-impl v1.0.69
   Compiling anstyle-query v1.1.4
   Compiling fdeflate v0.3.7
   Compiling zune-inflate v0.2.54
   Compiling universal-hash v0.5.1 (F:\cryptor\secure-cryptor\rustcrypto-traits-fork\universal-hash)
   Compiling accesskit_windows v0.23.2
   Compiling pxfm v0.1.25
   Compiling glutin-winit v0.5.0
   Compiling avif-serialize v0.8.6
   Compiling digest v0.9.0
   Compiling libloading v0.8.9
   Compiling colorchoice v1.0.4
   Compiling color_quant v1.1.0
   Compiling byteorder-lite v0.1.0
   Compiling bit_field v0.10.3
   Compiling fastrand v2.3.0
   Compiling zune-core v0.5.0
   Compiling winapi v0.3.9
   Compiling lebe v0.5.3
   Compiling rgb v0.8.52
   Compiling is_terminal_polyfill v1.70.2
   Compiling keccak v0.2.0-rc.0
   Compiling anstream v0.6.21
   Compiling moxcms v0.7.9
   Compiling sha3 v0.11.0-rc.3
   Compiling ravif v0.12.0
   Compiling exr v1.74.0
   Compiling zune-jpeg v0.5.5
   Compiling image-webp v0.2.4
   Compiling gif v0.14.0
   Compiling accesskit_winit v0.22.4
   Compiling polyval v0.6.2
   Compiling png v0.18.0
   Compiling windows v0.61.3
   Compiling cipher v0.5.0-rc.2
   Compiling winres v0.1.12
   Compiling webbrowser v1.0.6
   Compiling spki v0.8.0-rc.4
   Compiling blake3 v1.8.2
   Compiling tiff v0.10.3
   Compiling arboard v3.6.1
   Compiling keyboard-types v0.7.0
   Compiling ppv-lite86 v0.2.21
   Compiling qoi v0.4.1
   Compiling quick-xml v0.37.5
   Compiling crypto-mac v0.11.0
   Compiling crossbeam-channel v0.5.15
   Compiling windows-version v0.1.7
   Compiling serde_json v1.0.145
   Compiling rfd v0.15.4
   Compiling heck v0.5.0
   Compiling base64ct v1.8.0
   Compiling option-ext v0.2.0
   Compiling parking v2.2.1
   Compiling glow v0.14.2
   Compiling clap_lex v0.7.6
   Compiling web-time v1.1.0
   Compiling litrs v1.0.0
   Compiling strsim v0.11.1
   Compiling futures-core v0.3.31
   Compiling futures-io v0.3.31
   Compiling futures-lite v2.6.1
   Compiling document-features v0.2.12
   Compiling clap_builder v4.5.51
   Compiling egui-winit v0.29.1
   Compiling egui_glow v0.29.1
   Compiling password-hash v0.6.0-rc.2
   Compiling dirs-sys v0.4.1
   Compiling tauri-winrt-notification v0.7.2
   Compiling clap_derive v4.5.49
   Compiling muda v0.15.3
   Compiling hmac v0.11.0
   Compiling image v0.25.9
   Compiling rand_chacha v0.9.0
   Compiling pkcs8 v0.11.0-rc.8
   Compiling js-sys v0.3.82
   Compiling secure-cryptor v0.1.0 (F:\cryptor\secure-cryptor)
   Compiling chacha20 v0.10.0-rc.5
   Compiling ghash v0.5.1
   Compiling mio v1.1.0
   Compiling kem v0.4.0-pre.1
   Compiling aes v0.8.4
   Compiling ctr v0.9.2 (F:\cryptor\secure-cryptor\rustcrypto-block-modes-fork\ctr)
   Compiling signature v3.0.0-rc.5
   Compiling blake2 v0.11.0-rc.3
   Compiling rtoolbox v0.0.3
   Compiling tokio-macros v2.6.0
   Compiling socket2 v0.6.1
   Compiling aead v0.5.0-pre.2 (F:\cryptor\secure-cryptor\rustcrypto-traits-fork\aead)
   Compiling block-buffer v0.9.0
   Compiling arrayref v0.3.9
   Compiling bytes v1.11.0
   Compiling itoa v1.0.15
   Compiling ryu v1.0.20
   Compiling constant_time_eq v0.3.1
   Compiling widestring v1.2.1
   Compiling byteorder v1.5.0
   Compiling xts-mode v0.5.1
   Compiling tokio v1.48.0
   Compiling sha2 v0.9.9
   Compiling aes-gcm v0.10.3 (F:\cryptor\secure-cryptor\aes-gcm-fork\aes-gcm)
   Compiling windows-service v0.7.0
   Compiling web-sys v0.3.82
   Compiling eframe v0.29.1
   Compiling argon2 v0.6.0-rc.2
   Compiling rpassword v7.4.0
   Compiling ml-dsa v0.1.0-rc.2
   Compiling ml-kem v0.3.0-pre.2
   Compiling rand v0.10.0-rc.5
   Compiling clap v4.5.51
   Compiling rand v0.9.2
   Compiling tray-icon v0.18.0
   Compiling hkdf v0.11.0
   Compiling notify-rust v4.11.7
   Compiling dirs v5.0.1
   Compiling tempfile v3.23.0
   Compiling winreg v0.52.0
   Compiling ctrlc v3.5.1
   Compiling bincode v1.3.3
   Compiling serde-big-array v0.5.1
   Compiling base64 v0.22.1
   Compiling hex v0.4.3
error[E0761]: file for module `service` found at both "src\daemon\service.rs" and "src\daemon\service\mod.rs"
  --> src\daemon\mod.rs:14:1
   |
14 | pub mod service;
   | ^^^^^^^^^^^^^^^^
   |
   = help: delete or rename one of them to remove the ambiguity

warning: unused import: `Path`
 --> src\daemon\server.rs:6:17
  |
6 | use std::path::{Path, PathBuf};
  |                 ^^^^
  |
  = note: `#[warn(unused_imports)]` on by default

warning: unused import: `super::*`
   --> src\memory\debugger.rs:254:9
    |
254 |     use super::*;
    |         ^^^^^^^^

error[E0641]: cannot cast to a pointer of an unknown kind
   --> src\memory\debugger.rs:298:45
    |
298 |                 check_debugger_artifacts as *const _ as *const _,
    |                                             ^^^^^^^^ needs more type information
    |
    = note: the type information given here is insufficient to check whether the pointer cast is valid

Some errors have detailed explanations: E0641, E0761.
For more information about an error, try `rustc --explain E0641`.
warning: `secure-cryptor` (lib) generated 2 warnings
error: could not compile `secure-cryptor` (lib) due to 2 previous errors; 2 warnings emitted
